Determining if the pthread_create exist failed with the following output:
Change Dir: /home/sishubin/SLAMcodes/My_Local_Repo/Laser_fusion/build/CMakeFiles/CMakeTmp

Run Build Command:"/usr/bin/make" "cmTC_eeabf/fast"
/usr/bin/make -f CMakeFiles/cmTC_eeabf.dir/build.make CMakeFiles/cmTC_eeabf.dir/build
make[1]: 进入目录“/home/sishubin/SLAMcodes/My_Local_Repo/Laser_fusion/build/CMakeFiles/CMakeTmp”
Building C object CMakeFiles/cmTC_eeabf.dir/CheckSymbolExists.c.o
/usr/bin/cc    -o CMakeFiles/cmTC_eeabf.dir/CheckSymbolExists.c.o   -c /home/sishubin/SLAMcodes/My_Local_Repo/Laser_fusion/build/CMakeFiles/CMakeTmp/CheckSymbolExists.c
Linking C executable cmTC_eeabf
/usr/local/lib/python2.7/dist-packages/cmake/data/bin/cmake -E cmake_link_script CMakeFiles/cmTC_eeabf.dir/link.txt --verbose=1
/usr/bin/cc      -rdynamic CMakeFiles/cmTC_eeabf.dir/CheckSymbolExists.c.o  -o cmTC_eeabf 
CMakeFiles/cmTC_eeabf.dir/CheckSymbolExists.c.o：在函数‘main’中：
CheckSymbolExists.c:(.text+0x1b)：对‘pthread_create’未定义的引用
collect2: error: ld returned 1 exit status
CMakeFiles/cmTC_eeabf.dir/build.make:86: recipe for target 'cmTC_eeabf' failed
make[1]: *** [cmTC_eeabf] Error 1
make[1]: 离开目录“/home/sishubin/SLAMcodes/My_Local_Repo/Laser_fusion/build/CMakeFiles/CMakeTmp”
Makefile:121: recipe for target 'cmTC_eeabf/fast' failed
make: *** [cmTC_eeabf/fast] Error 2

File /home/sishubin/SLAMcodes/My_Local_Repo/Laser_fusion/build/CMakeFiles/CMakeTmp/CheckSymbolExists.c:
/* */
#include <pthread.h>

int main(int argc, char** argv)
{
  (void)argv;
#ifndef pthread_create
  return ((int*)(&pthread_create))[argc];
#else
  (void)argc;
  return 0;
#endif
}

Determining if the function pthread_create exists in the pthreads failed with the following output:
Change Dir: /home/sishubin/SLAMcodes/My_Local_Repo/Laser_fusion/build/CMakeFiles/CMakeTmp

Run Build Command:"/usr/bin/make" "cmTC_06d38/fast"
/usr/bin/make -f CMakeFiles/cmTC_06d38.dir/build.make CMakeFiles/cmTC_06d38.dir/build
make[1]: 进入目录“/home/sishubin/SLAMcodes/My_Local_Repo/Laser_fusion/build/CMakeFiles/CMakeTmp”
Building C object CMakeFiles/cmTC_06d38.dir/CheckFunctionExists.c.o
/usr/bin/cc   -DCHECK_FUNCTION_EXISTS=pthread_create   -o CMakeFiles/cmTC_06d38.dir/CheckFunctionExists.c.o   -c /usr/local/lib/python2.7/dist-packages/cmake/data/share/cmake-3.12/Modules/CheckFunctionExists.c
Linking C executable cmTC_06d38
/usr/local/lib/python2.7/dist-packages/cmake/data/bin/cmake -E cmake_link_script CMakeFiles/cmTC_06d38.dir/link.txt --verbose=1
/usr/bin/cc  -DCHECK_FUNCTION_EXISTS=pthread_create    -rdynamic CMakeFiles/cmTC_06d38.dir/CheckFunctionExists.c.o  -o cmTC_06d38 -lpthreads 
/usr/bin/ld: 找不到 -lpthreads
collect2: error: ld returned 1 exit status
CMakeFiles/cmTC_06d38.dir/build.make:86: recipe for target 'cmTC_06d38' failed
make[1]: *** [cmTC_06d38] Error 1
make[1]: 离开目录“/home/sishubin/SLAMcodes/My_Local_Repo/Laser_fusion/build/CMakeFiles/CMakeTmp”
Makefile:121: recipe for target 'cmTC_06d38/fast' failed
make: *** [cmTC_06d38/fast] Error 2


